F:\COMPUTER\FROMKOAST\CC2D\COCOS2D-X-2.2.5\SAMPLES\CPP\HELLOCPP\PROJ.WIN32\DEBUG.WIN32\APPDELEGATE.OBJ
F:\COMPUTER\FROMKOAST\CC2D\COCOS2D-X-2.2.5\SAMPLES\CPP\HELLOCPP\PROJ.WIN32\DEBUG.WIN32\HELLOWORLDSCENE.OBJ
F:\COMPUTER\FROMKOAST\CC2D\COCOS2D-X-2.2.5\SAMPLES\CPP\HELLOCPP\PROJ.WIN32\DEBUG.WIN32\MAIN.OBJ
F:\COMPUTER\FROMKOAST\CC2D\COCOS2D-X-2.2.5\SAMPLES\CPP\HELLOCPP\PROJ.WIN32\DEBUG.WIN32\VC110.PDB
F:\COMPUTER\FROMKOAST\CC2D\COCOS2D-X-2.2.5\SAMPLES\CPP\HELLOCPP\PROJ.WIN32\DEBUG.WIN32\SLEDING.OBJ
F:\COMPUTER\FROMKOAST\CC2D\COCOS2D-X-2.2.5\DEBUG.WIN32\HELLOCPP.ILK
F:\COMPUTER\FROMKOAST\CC2D\COCOS2D-X-2.2.5\DEBUG.WIN32\HELLOCPP.EXE
F:\COMPUTER\FROMKOAST\CC2D\COCOS2D-X-2.2.5\DEBUG.WIN32\HELLOCPP.PDB
F:\Computer\fromkoast\cc2d\cocos2d-x-2.2.5\samples\Cpp\HelloCpp\proj.win32\Debug.win32\AppDelegate.obj
F:\Computer\fromkoast\cc2d\cocos2d-x-2.2.5\samples\Cpp\HelloCpp\proj.win32\Debug.win32\HelloWorldScene.obj
F:\Computer\fromkoast\cc2d\cocos2d-x-2.2.5\samples\Cpp\HelloCpp\proj.win32\Debug.win32\main.obj
F:\Computer\fromkoast\cc2d\cocos2d-x-2.2.5\samples\Cpp\HelloCpp\proj.win32\Debug.win32\Sleding.obj
F:\Computer\fromkoast\cc2d\cocos2d-x-2.2.5\samples\Cpp\HelloCpp\proj.win32\Debug.win32\cl.command.1.tlog
F:\Computer\fromkoast\cc2d\cocos2d-x-2.2.5\samples\Cpp\HelloCpp\proj.win32\Debug.win32\CL.read.1.tlog
F:\Computer\fromkoast\cc2d\cocos2d-x-2.2.5\samples\Cpp\HelloCpp\proj.win32\Debug.win32\CL.write.1.tlog
F:\Computer\fromkoast\cc2d\cocos2d-x-2.2.5\samples\Cpp\HelloCpp\proj.win32\Debug.win32\link-cvtres.read.1.tlog
F:\Computer\fromkoast\cc2d\cocos2d-x-2.2.5\samples\Cpp\HelloCpp\proj.win32\Debug.win32\link-cvtres.write.1.tlog
F:\Computer\fromkoast\cc2d\cocos2d-x-2.2.5\samples\Cpp\HelloCpp\proj.win32\Debug.win32\link-rc.read.1.tlog
F:\Computer\fromkoast\cc2d\cocos2d-x-2.2.5\samples\Cpp\HelloCpp\proj.win32\Debug.win32\link-rc.write.1.tlog
F:\Computer\fromkoast\cc2d\cocos2d-x-2.2.5\samples\Cpp\HelloCpp\proj.win32\Debug.win32\link.1168-cvtres.read.1.tlog
F:\Computer\fromkoast\cc2d\cocos2d-x-2.2.5\samples\Cpp\HelloCpp\proj.win32\Debug.win32\link.1168-cvtres.write.1.tlog
F:\Computer\fromkoast\cc2d\cocos2d-x-2.2.5\samples\Cpp\HelloCpp\proj.win32\Debug.win32\link.1168-rc.read.1.tlog
F:\Computer\fromkoast\cc2d\cocos2d-x-2.2.5\samples\Cpp\HelloCpp\proj.win32\Debug.win32\link.1168-rc.write.1.tlog
F:\Computer\fromkoast\cc2d\cocos2d-x-2.2.5\samples\Cpp\HelloCpp\proj.win32\Debug.win32\link.1168.read.1.tlog
F:\Computer\fromkoast\cc2d\cocos2d-x-2.2.5\samples\Cpp\HelloCpp\proj.win32\Debug.win32\link.1168.write.1.tlog
F:\Computer\fromkoast\cc2d\cocos2d-x-2.2.5\samples\Cpp\HelloCpp\proj.win32\Debug.win32\link.4252-cvtres.read.1.tlog
F:\Computer\fromkoast\cc2d\cocos2d-x-2.2.5\samples\Cpp\HelloCpp\proj.win32\Debug.win32\link.4252-cvtres.write.1.tlog
F:\Computer\fromkoast\cc2d\cocos2d-x-2.2.5\samples\Cpp\HelloCpp\proj.win32\Debug.win32\link.4252-rc.read.1.tlog
F:\Computer\fromkoast\cc2d\cocos2d-x-2.2.5\samples\Cpp\HelloCpp\proj.win32\Debug.win32\link.4252-rc.write.1.tlog
F:\Computer\fromkoast\cc2d\cocos2d-x-2.2.5\samples\Cpp\HelloCpp\proj.win32\Debug.win32\link.4252.read.1.tlog
F:\Computer\fromkoast\cc2d\cocos2d-x-2.2.5\samples\Cpp\HelloCpp\proj.win32\Debug.win32\link.4252.write.1.tlog
F:\Computer\fromkoast\cc2d\cocos2d-x-2.2.5\samples\Cpp\HelloCpp\proj.win32\Debug.win32\link.command.1.tlog
F:\Computer\fromkoast\cc2d\cocos2d-x-2.2.5\samples\Cpp\HelloCpp\proj.win32\Debug.win32\link.read.1.tlog
F:\Computer\fromkoast\cc2d\cocos2d-x-2.2.5\samples\Cpp\HelloCpp\proj.win32\Debug.win32\link.write.1.tlog
F:\Computer\fromkoast\cc2d\cocos2d-x-2.2.5\samples\Cpp\HelloCpp\proj.win32\Debug.win32\vc110.idb
F:\Computer\fromkoast\cc2d\cocos2d-x-2.2.5\samples\Cpp\HelloCpp\proj.win32\Debug.win32\vc110.pdb
F:\Computer\fromkoast\cc2d\cocos2d-x-2.2.5\Debug.win32\HelloCpp.pdb
