E:\COMPUTER\FROMKOAST\CC2D\COCOS2D-X-2.2.5\EXTERNAL\BOX2D\PROJ.WIN32\DEBUG.WIN32\B2CHAINANDPOLYGONCONTACT.OBJ
E:\COMPUTER\FROMKOAST\CC2D\COCOS2D-X-2.2.5\EXTERNAL\BOX2D\PROJ.WIN32\DEBUG.WIN32\B2CIRCLECONTACT.OBJ
E:\COMPUTER\FROMKOAST\CC2D\COCOS2D-X-2.2.5\EXTERNAL\BOX2D\PROJ.WIN32\DEBUG.WIN32\B2CONTACT.OBJ
E:\COMPUTER\FROMKOAST\CC2D\COCOS2D-X-2.2.5\EXTERNAL\BOX2D\PROJ.WIN32\DEBUG.WIN32\B2CONTACTSOLVER.OBJ
E:\COMPUTER\FROMKOAST\CC2D\COCOS2D-X-2.2.5\EXTERNAL\BOX2D\PROJ.WIN32\DEBUG.WIN32\B2EDGEANDCIRCLECONTACT.OBJ
E:\COMPUTER\FROMKOAST\CC2D\COCOS2D-X-2.2.5\EXTERNAL\BOX2D\PROJ.WIN32\DEBUG.WIN32\B2EDGEANDPOLYGONCONTACT.OBJ
E:\COMPUTER\FROMKOAST\CC2D\COCOS2D-X-2.2.5\EXTERNAL\BOX2D\PROJ.WIN32\DEBUG.WIN32\B2POLYGONANDCIRCLECONTACT.OBJ
E:\COMPUTER\FROMKOAST\CC2D\COCOS2D-X-2.2.5\EXTERNAL\BOX2D\PROJ.WIN32\DEBUG.WIN32\B2POLYGONCONTACT.OBJ
E:\COMPUTER\FROMKOAST\CC2D\COCOS2D-X-2.2.5\EXTERNAL\BOX2D\PROJ.WIN32\DEBUG.WIN32\B2DISTANCEJOINT.OBJ
E:\COMPUTER\FROMKOAST\CC2D\COCOS2D-X-2.2.5\EXTERNAL\BOX2D\PROJ.WIN32\DEBUG.WIN32\B2FRICTIONJOINT.OBJ
E:\COMPUTER\FROMKOAST\CC2D\COCOS2D-X-2.2.5\EXTERNAL\BOX2D\PROJ.WIN32\DEBUG.WIN32\B2GEARJOINT.OBJ
E:\COMPUTER\FROMKOAST\CC2D\COCOS2D-X-2.2.5\EXTERNAL\BOX2D\PROJ.WIN32\DEBUG.WIN32\B2JOINT.OBJ
E:\COMPUTER\FROMKOAST\CC2D\COCOS2D-X-2.2.5\EXTERNAL\BOX2D\PROJ.WIN32\DEBUG.WIN32\B2MOUSEJOINT.OBJ
E:\COMPUTER\FROMKOAST\CC2D\COCOS2D-X-2.2.5\EXTERNAL\BOX2D\PROJ.WIN32\DEBUG.WIN32\B2PRISMATICJOINT.OBJ
E:\COMPUTER\FROMKOAST\CC2D\COCOS2D-X-2.2.5\EXTERNAL\BOX2D\PROJ.WIN32\DEBUG.WIN32\B2PULLEYJOINT.OBJ
E:\COMPUTER\FROMKOAST\CC2D\COCOS2D-X-2.2.5\EXTERNAL\BOX2D\PROJ.WIN32\DEBUG.WIN32\B2REVOLUTEJOINT.OBJ
E:\COMPUTER\FROMKOAST\CC2D\COCOS2D-X-2.2.5\EXTERNAL\BOX2D\PROJ.WIN32\DEBUG.WIN32\B2ROPEJOINT.OBJ
E:\COMPUTER\FROMKOAST\CC2D\COCOS2D-X-2.2.5\EXTERNAL\BOX2D\PROJ.WIN32\DEBUG.WIN32\B2WELDJOINT.OBJ
E:\COMPUTER\FROMKOAST\CC2D\COCOS2D-X-2.2.5\EXTERNAL\BOX2D\PROJ.WIN32\DEBUG.WIN32\B2WHEELJOINT.OBJ
E:\COMPUTER\FROMKOAST\CC2D\COCOS2D-X-2.2.5\EXTERNAL\BOX2D\PROJ.WIN32\DEBUG.WIN32\B2ROPE.OBJ
E:\COMPUTER\FROMKOAST\CC2D\COCOS2D-X-2.2.5\EXTERNAL\BOX2D\PROJ.WIN32\DEBUG.WIN32\B2DISTANCE.OBJ
E:\COMPUTER\FROMKOAST\CC2D\COCOS2D-X-2.2.5\EXTERNAL\BOX2D\PROJ.WIN32\DEBUG.WIN32\B2DYNAMICTREE.OBJ
E:\COMPUTER\FROMKOAST\CC2D\COCOS2D-X-2.2.5\EXTERNAL\BOX2D\PROJ.WIN32\DEBUG.WIN32\B2TIMEOFIMPACT.OBJ
E:\COMPUTER\FROMKOAST\CC2D\COCOS2D-X-2.2.5\EXTERNAL\BOX2D\PROJ.WIN32\DEBUG.WIN32\B2CHAINSHAPE.OBJ
E:\COMPUTER\FROMKOAST\CC2D\COCOS2D-X-2.2.5\EXTERNAL\BOX2D\PROJ.WIN32\DEBUG.WIN32\B2CIRCLESHAPE.OBJ
E:\COMPUTER\FROMKOAST\CC2D\COCOS2D-X-2.2.5\EXTERNAL\BOX2D\PROJ.WIN32\DEBUG.WIN32\B2EDGESHAPE.OBJ
E:\COMPUTER\FROMKOAST\CC2D\COCOS2D-X-2.2.5\EXTERNAL\BOX2D\PROJ.WIN32\DEBUG.WIN32\B2POLYGONSHAPE.OBJ
E:\COMPUTER\FROMKOAST\CC2D\COCOS2D-X-2.2.5\EXTERNAL\BOX2D\PROJ.WIN32\DEBUG.WIN32\B2BLOCKALLOCATOR.OBJ
E:\COMPUTER\FROMKOAST\CC2D\COCOS2D-X-2.2.5\EXTERNAL\BOX2D\PROJ.WIN32\DEBUG.WIN32\B2DRAW.OBJ
E:\COMPUTER\FROMKOAST\CC2D\COCOS2D-X-2.2.5\EXTERNAL\BOX2D\PROJ.WIN32\DEBUG.WIN32\B2MATH.OBJ
E:\COMPUTER\FROMKOAST\CC2D\COCOS2D-X-2.2.5\EXTERNAL\BOX2D\PROJ.WIN32\DEBUG.WIN32\B2SETTINGS.OBJ
E:\COMPUTER\FROMKOAST\CC2D\COCOS2D-X-2.2.5\EXTERNAL\BOX2D\PROJ.WIN32\DEBUG.WIN32\B2STACKALLOCATOR.OBJ
E:\COMPUTER\FROMKOAST\CC2D\COCOS2D-X-2.2.5\EXTERNAL\BOX2D\PROJ.WIN32\DEBUG.WIN32\B2TIMER.OBJ
E:\COMPUTER\FROMKOAST\CC2D\COCOS2D-X-2.2.5\EXTERNAL\BOX2D\PROJ.WIN32\DEBUG.WIN32\B2BODY.OBJ
E:\COMPUTER\FROMKOAST\CC2D\COCOS2D-X-2.2.5\EXTERNAL\BOX2D\PROJ.WIN32\DEBUG.WIN32\B2CONTACTMANAGER.OBJ
E:\COMPUTER\FROMKOAST\CC2D\COCOS2D-X-2.2.5\EXTERNAL\BOX2D\PROJ.WIN32\DEBUG.WIN32\B2FIXTURE.OBJ
E:\COMPUTER\FROMKOAST\CC2D\COCOS2D-X-2.2.5\EXTERNAL\BOX2D\PROJ.WIN32\DEBUG.WIN32\B2ISLAND.OBJ
E:\COMPUTER\FROMKOAST\CC2D\COCOS2D-X-2.2.5\EXTERNAL\BOX2D\PROJ.WIN32\DEBUG.WIN32\B2WORLD.OBJ
E:\COMPUTER\FROMKOAST\CC2D\COCOS2D-X-2.2.5\EXTERNAL\BOX2D\PROJ.WIN32\DEBUG.WIN32\B2WORLDCALLBACKS.OBJ
E:\COMPUTER\FROMKOAST\CC2D\COCOS2D-X-2.2.5\EXTERNAL\BOX2D\PROJ.WIN32\DEBUG.WIN32\B2CHAINANDCIRCLECONTACT.OBJ
E:\COMPUTER\FROMKOAST\CC2D\COCOS2D-X-2.2.5\EXTERNAL\BOX2D\PROJ.WIN32\DEBUG.WIN32\B2BROADPHASE.OBJ
E:\COMPUTER\FROMKOAST\CC2D\COCOS2D-X-2.2.5\EXTERNAL\BOX2D\PROJ.WIN32\DEBUG.WIN32\B2COLLIDECIRCLE.OBJ
E:\COMPUTER\FROMKOAST\CC2D\COCOS2D-X-2.2.5\EXTERNAL\BOX2D\PROJ.WIN32\DEBUG.WIN32\B2COLLIDEEDGE.OBJ
E:\COMPUTER\FROMKOAST\CC2D\COCOS2D-X-2.2.5\EXTERNAL\BOX2D\PROJ.WIN32\DEBUG.WIN32\B2COLLIDEPOLYGON.OBJ
E:\COMPUTER\FROMKOAST\CC2D\COCOS2D-X-2.2.5\EXTERNAL\BOX2D\PROJ.WIN32\DEBUG.WIN32\B2COLLISION.OBJ
E:\COMPUTER\FROMKOAST\CC2D\COCOS2D-X-2.2.5\EXTERNAL\BOX2D\PROJ.WIN32\DEBUG.WIN32\VC110.PDB
E:\COMPUTER\FROMKOAST\CC2D\COCOS2D-X-2.2.5\EXTERNAL\BOX2D\PROJ.WIN32\DEBUG.WIN32\LIBBOX2D.LIB
E:\Computer\fromkoast\cc2d\cocos2d-x-2.2.5\external\Box2D\proj.win32\Debug.win32\b2BlockAllocator.obj
E:\Computer\fromkoast\cc2d\cocos2d-x-2.2.5\external\Box2D\proj.win32\Debug.win32\b2Body.obj
E:\Computer\fromkoast\cc2d\cocos2d-x-2.2.5\external\Box2D\proj.win32\Debug.win32\b2BroadPhase.obj
E:\Computer\fromkoast\cc2d\cocos2d-x-2.2.5\external\Box2D\proj.win32\Debug.win32\b2ChainAndCircleContact.obj
E:\Computer\fromkoast\cc2d\cocos2d-x-2.2.5\external\Box2D\proj.win32\Debug.win32\b2ChainAndPolygonContact.obj
E:\Computer\fromkoast\cc2d\cocos2d-x-2.2.5\external\Box2D\proj.win32\Debug.win32\b2ChainShape.obj
E:\Computer\fromkoast\cc2d\cocos2d-x-2.2.5\external\Box2D\proj.win32\Debug.win32\b2CircleContact.obj
E:\Computer\fromkoast\cc2d\cocos2d-x-2.2.5\external\Box2D\proj.win32\Debug.win32\b2CircleShape.obj
E:\Computer\fromkoast\cc2d\cocos2d-x-2.2.5\external\Box2D\proj.win32\Debug.win32\b2CollideCircle.obj
E:\Computer\fromkoast\cc2d\cocos2d-x-2.2.5\external\Box2D\proj.win32\Debug.win32\b2CollideEdge.obj
E:\Computer\fromkoast\cc2d\cocos2d-x-2.2.5\external\Box2D\proj.win32\Debug.win32\b2CollidePolygon.obj
E:\Computer\fromkoast\cc2d\cocos2d-x-2.2.5\external\Box2D\proj.win32\Debug.win32\b2Collision.obj
E:\Computer\fromkoast\cc2d\cocos2d-x-2.2.5\external\Box2D\proj.win32\Debug.win32\b2Contact.obj
E:\Computer\fromkoast\cc2d\cocos2d-x-2.2.5\external\Box2D\proj.win32\Debug.win32\b2ContactManager.obj
E:\Computer\fromkoast\cc2d\cocos2d-x-2.2.5\external\Box2D\proj.win32\Debug.win32\b2ContactSolver.obj
E:\Computer\fromkoast\cc2d\cocos2d-x-2.2.5\external\Box2D\proj.win32\Debug.win32\b2Distance.obj
E:\Computer\fromkoast\cc2d\cocos2d-x-2.2.5\external\Box2D\proj.win32\Debug.win32\b2DistanceJoint.obj
E:\Computer\fromkoast\cc2d\cocos2d-x-2.2.5\external\Box2D\proj.win32\Debug.win32\b2Draw.obj
E:\Computer\fromkoast\cc2d\cocos2d-x-2.2.5\external\Box2D\proj.win32\Debug.win32\b2DynamicTree.obj
E:\Computer\fromkoast\cc2d\cocos2d-x-2.2.5\external\Box2D\proj.win32\Debug.win32\b2EdgeAndCircleContact.obj
E:\Computer\fromkoast\cc2d\cocos2d-x-2.2.5\external\Box2D\proj.win32\Debug.win32\b2EdgeAndPolygonContact.obj
E:\Computer\fromkoast\cc2d\cocos2d-x-2.2.5\external\Box2D\proj.win32\Debug.win32\b2EdgeShape.obj
E:\Computer\fromkoast\cc2d\cocos2d-x-2.2.5\external\Box2D\proj.win32\Debug.win32\b2Fixture.obj
E:\Computer\fromkoast\cc2d\cocos2d-x-2.2.5\external\Box2D\proj.win32\Debug.win32\b2FrictionJoint.obj
E:\Computer\fromkoast\cc2d\cocos2d-x-2.2.5\external\Box2D\proj.win32\Debug.win32\b2GearJoint.obj
E:\Computer\fromkoast\cc2d\cocos2d-x-2.2.5\external\Box2D\proj.win32\Debug.win32\b2Island.obj
E:\Computer\fromkoast\cc2d\cocos2d-x-2.2.5\external\Box2D\proj.win32\Debug.win32\b2Joint.obj
E:\Computer\fromkoast\cc2d\cocos2d-x-2.2.5\external\Box2D\proj.win32\Debug.win32\b2Math.obj
E:\Computer\fromkoast\cc2d\cocos2d-x-2.2.5\external\Box2D\proj.win32\Debug.win32\b2MouseJoint.obj
E:\Computer\fromkoast\cc2d\cocos2d-x-2.2.5\external\Box2D\proj.win32\Debug.win32\b2PolygonAndCircleContact.obj
E:\Computer\fromkoast\cc2d\cocos2d-x-2.2.5\external\Box2D\proj.win32\Debug.win32\b2PolygonContact.obj
E:\Computer\fromkoast\cc2d\cocos2d-x-2.2.5\external\Box2D\proj.win32\Debug.win32\b2PolygonShape.obj
E:\Computer\fromkoast\cc2d\cocos2d-x-2.2.5\external\Box2D\proj.win32\Debug.win32\b2PrismaticJoint.obj
E:\Computer\fromkoast\cc2d\cocos2d-x-2.2.5\external\Box2D\proj.win32\Debug.win32\b2PulleyJoint.obj
E:\Computer\fromkoast\cc2d\cocos2d-x-2.2.5\external\Box2D\proj.win32\Debug.win32\b2RevoluteJoint.obj
E:\Computer\fromkoast\cc2d\cocos2d-x-2.2.5\external\Box2D\proj.win32\Debug.win32\b2Rope.obj
E:\Computer\fromkoast\cc2d\cocos2d-x-2.2.5\external\Box2D\proj.win32\Debug.win32\b2RopeJoint.obj
E:\Computer\fromkoast\cc2d\cocos2d-x-2.2.5\external\Box2D\proj.win32\Debug.win32\b2Settings.obj
E:\Computer\fromkoast\cc2d\cocos2d-x-2.2.5\external\Box2D\proj.win32\Debug.win32\b2StackAllocator.obj
E:\Computer\fromkoast\cc2d\cocos2d-x-2.2.5\external\Box2D\proj.win32\Debug.win32\b2TimeOfImpact.obj
E:\Computer\fromkoast\cc2d\cocos2d-x-2.2.5\external\Box2D\proj.win32\Debug.win32\b2Timer.obj
E:\Computer\fromkoast\cc2d\cocos2d-x-2.2.5\external\Box2D\proj.win32\Debug.win32\b2WeldJoint.obj
E:\Computer\fromkoast\cc2d\cocos2d-x-2.2.5\external\Box2D\proj.win32\Debug.win32\b2WheelJoint.obj
E:\Computer\fromkoast\cc2d\cocos2d-x-2.2.5\external\Box2D\proj.win32\Debug.win32\b2World.obj
E:\Computer\fromkoast\cc2d\cocos2d-x-2.2.5\external\Box2D\proj.win32\Debug.win32\b2WorldCallbacks.obj
E:\Computer\fromkoast\cc2d\cocos2d-x-2.2.5\external\Box2D\proj.win32\Debug.win32\cl.command.1.tlog
E:\Computer\fromkoast\cc2d\cocos2d-x-2.2.5\external\Box2D\proj.win32\Debug.win32\CL.read.1.tlog
E:\Computer\fromkoast\cc2d\cocos2d-x-2.2.5\external\Box2D\proj.win32\Debug.win32\CL.write.1.tlog
E:\Computer\fromkoast\cc2d\cocos2d-x-2.2.5\external\Box2D\proj.win32\Debug.win32\Lib-link.read.1.tlog
E:\Computer\fromkoast\cc2d\cocos2d-x-2.2.5\external\Box2D\proj.win32\Debug.win32\Lib-link.write.1.tlog
E:\Computer\fromkoast\cc2d\cocos2d-x-2.2.5\external\Box2D\proj.win32\Debug.win32\lib.command.1.tlog
E:\Computer\fromkoast\cc2d\cocos2d-x-2.2.5\external\Box2D\proj.win32\Debug.win32\vc110.idb
E:\Computer\fromkoast\cc2d\cocos2d-x-2.2.5\external\Box2D\proj.win32\Debug.win32\vc110.pdb
E:\Computer\fromkoast\cc2d\cocos2d-x-2.2.5\external\Box2D\proj.win32\Debug.win32\libBox2D.lib
